SF:src/VortexDistributions.jl
LH:0
LF:0
end_of_record
SF:src/creation.jl
DA:11,6
DA:34,2
DA:36,0
DA:37,0
DA:38,0
DA:40,0
DA:58,62
DA:59,62
DA:60,9920000
DA:61,9920000
DA:62,9920000
DA:64,9920000
DA:88,2
DA:89,9920000
DA:90,9920000
DA:91,9920000
DA:93,0
DA:94,0
DA:95,0
DA:96,0
DA:108,0
DA:109,0
DA:110,0
DA:111,60
DA:113,0
DA:114,0
DA:115,60
DA:124,62
DA:125,62
DA:126,124
DA:127,62
DA:129,0
DA:130,0
DA:133,120
DA:134,60
DA:138,60
DA:139,120
DA:140,120
DA:141,60
DA:142,60
DA:144,180
DA:145,60
DA:146,60
DA:147,60
DA:152,0
DA:153,0
DA:154,0
DA:155,0
DA:157,0
DA:158,0
DA:163,0
DA:164,0
DA:165,0
DA:166,0
DA:168,0
DA:169,0
DA:173,0
DA:174,0
DA:175,0
DA:176,0
DA:180,0
DA:181,0
DA:182,0
DA:183,0
DA:184,0
DA:185,0
DA:186,0
DA:187,0
DA:188,0
DA:189,0
DA:205,0
DA:213,0
DA:214,0
DA:215,0
DA:216,0
DA:217,0
DA:218,0
DA:221,0
DA:224,0
DA:225,0
DA:226,0
DA:227,0
DA:229,0
DA:230,0
DA:231,0
DA:232,0
DA:235,0
DA:237,0
DA:239,0
DA:241,0
DA:243,0
DA:245,0
DA:249,0
DA:250,0
DA:253,0
DA:255,0
DA:256,0
DA:257,0
DA:259,0
DA:260,0
DA:295,0
DA:296,0
DA:298,0
DA:300,0
DA:301,0
DA:303,0
DA:305,0
DA:306,0
DA:307,0
DA:308,0
DA:310,0
DA:311,0
DA:312,0
DA:314,0
DA:315,0
DA:317,0
DA:319,0
DA:321,0
DA:322,0
DA:323,0
DA:324,0
DA:327,0
DA:330,0
DA:331,0
DA:332,0
DA:333,0
DA:336,0
DA:337,0
DA:338,0
DA:339,0
LH:29
LF:130
end_of_record
SF:src/detection.jl
DA:13,64
DA:14,124
DA:15,62
DA:16,62
DA:17,62
DA:20,124
DA:21,62
DA:22,62
DA:23,62
DA:24,62
DA:25,62
DA:26,62
DA:27,62
DA:29,62
DA:30,62
DA:32,62
DA:33,0
DA:34,0
DA:35,0
DA:36,0
DA:37,0
DA:38,0
DA:39,0
DA:40,0
DA:42,62
DA:47,186
DA:48,372
DA:49,186
DA:50,186
DA:51,186
DA:54,0
DA:55,0
DA:56,0
DA:57,0
DA:58,0
DA:61,0
DA:62,0
DA:64,0
DA:65,0
DA:67,0
DA:68,0
DA:76,124
DA:77,248
DA:78,124
DA:79,248
DA:80,248
DA:81,248
DA:82,248
DA:83,124
DA:84,124
DA:86,0
DA:87,0
DA:88,0
DA:89,0
DA:91,124
DA:100,186
DA:101,248
DA:102,124
DA:103,124
DA:104,124
DA:105,124
DA:108,186
DA:109,372
DA:110,372
DA:113,186
DA:116,186
DA:117,744
DA:118,186
DA:119,372
DA:122,186
DA:123,558
DA:124,186
DA:125,558
DA:127,186
DA:128,186
DA:129,744
DA:132,186
DA:134,186
DA:144,0
DA:161,0
DA:162,0
DA:163,0
DA:164,0
DA:165,0
DA:166,0
DA:169,0
LH:55
LF:86
end_of_record
SF:src/get_dipoles.jl
DA:1,0
DA:3,0
DA:4,0
DA:5,0
DA:6,0
DA:7,0
DA:8,0
DA:9,0
DA:12,0
DA:15,0
DA:18,0
DA:21,0
DA:22,0
DA:25,0
DA:27,0
DA:28,0
DA:30,0
DA:33,0
DA:34,0
DA:35,0
DA:38,0
DA:39,0
DA:40,0
DA:42,0
DA:43,0
DA:44,0
DA:45,0
DA:46,0
DA:47,0
DA:49,0
LH:0
LF:30
end_of_record
SF:src/grow_minus_clusters.jl
DA:1,0
DA:3,0
DA:4,0
DA:5,0
DA:6,0
DA:7,0
DA:8,0
DA:11,0
DA:12,0
DA:13,0
DA:16,0
DA:17,0
DA:19,0
DA:20,0
DA:21,0
DA:22,0
DA:23,0
DA:25,0
DA:27,0
DA:28,0
DA:29,0
DA:30,0
DA:31,0
DA:32,0
DA:35,0
DA:36,0
DA:40,0
DA:41,0
DA:44,0
DA:48,0
DA:49,0
DA:50,0
DA:52,0
DA:57,0
DA:59,0
DA:60,0
DA:61,0
DA:62,0
DA:63,0
DA:65,0
DA:66,0
DA:68,0
DA:70,0
DA:71,0
DA:72,0
DA:74,0
DA:75,0
DA:76,0
DA:80,0
DA:81,0
DA:82,0
DA:83,0
LH:0
LF:52
end_of_record
SF:src/grow_plus_clusters.jl
DA:1,0
DA:3,0
DA:4,0
DA:5,0
DA:7,0
DA:8,0
DA:9,0
DA:12,0
DA:13,0
DA:14,0
DA:17,0
DA:18,0
DA:20,0
DA:21,0
DA:22,0
DA:23,0
DA:24,0
DA:28,0
DA:30,0
DA:31,0
DA:32,0
DA:33,0
DA:34,0
DA:35,0
DA:39,0
DA:40,0
DA:44,0
DA:45,0
DA:48,0
DA:52,0
DA:53,0
DA:54,0
DA:56,0
DA:61,0
DA:63,0
DA:64,0
DA:65,0
DA:66,0
DA:67,0
DA:69,0
DA:70,0
DA:72,0
DA:73,0
DA:74,0
DA:76,0
DA:77,0
DA:78,0
DA:82,0
DA:83,0
DA:84,0
DA:85,0
LH:0
LF:51
end_of_record
SF:src/pointvortex.jl
DA:8,376
DA:9,376
DA:11,60
DA:12,60
DA:13,120
DA:14,60
DA:16,60
DA:26,5616
DA:28,314
DA:29,314
DA:33,4120
DA:34,4120
DA:37,124
DA:38,124
DA:41,0
DA:42,4
DA:44,0
DA:45,62
DA:57,0
DA:58,2
DA:60,0
DA:61,0
DA:62,0
DA:65,60
DA:66,60
DA:67,120
DA:68,120
DA:69,60
DA:72,4
DA:73,0
DA:74,0
DA:75,0
DA:77,0
DA:78,0
DA:79,0
DA:80,0
DA:81,0
DA:83,0
LH:23
LF:38
end_of_record
SF:src/seed_clusters.jl
DA:1,0
DA:3,0
DA:6,0
DA:7,0
DA:10,0
DA:13,0
DA:14,0
DA:17,0
DA:19,0
DA:20,0
DA:21,0
DA:23,0
DA:24,0
DA:25,0
DA:28,0
DA:29,0
DA:30,0
DA:33,0
DA:34,0
DA:35,0
DA:36,0
DA:38,0
DA:39,0
DA:40,0
DA:42,0
LH:0
LF:25
end_of_record
SF:src/types.jl
DA:19,310
DA:43,3562
DA:49,2
DA:55,62
DA:60,124
DA:67,2
DA:74,0
LH:6
LF:7
end_of_record
SF:src/utils.jl
DA:1,1052
DA:3,372
DA:4,372
DA:5,372
DA:6,372
DA:7,372
DA:8,372
DA:11,2
DA:12,2
DA:13,4
DA:14,60
DA:15,60
DA:16,60
DA:17,60
DA:18,60
DA:19,118
DA:21,2
DA:29,186
DA:30,558
DA:31,186
DA:32,372
DA:33,744
DA:34,1116
DA:35,1116
DA:36,744
DA:37,1302
DA:39,186
DA:51,372
DA:52,372
DA:53,372
DA:54,20063200
DA:56,372
DA:57,372
DA:58,28520
DA:59,28520
DA:60,57040
DA:61,10003080
DA:62,10031414
DA:67,186
DA:68,372
DA:69,56668
DA:70,10003080
DA:71,28520
DA:72,10003080
DA:73,10003080
DA:77,372
DA:80,0
DA:81,0
DA:82,0
DA:84,0
DA:85,0
DA:86,0
DA:87,0
DA:88,0
DA:89,0
DA:90,0
DA:95,0
DA:96,0
DA:97,0
DA:98,0
DA:99,0
DA:100,0
DA:101,0
DA:113,0
DA:114,0
DA:115,0
DA:116,0
DA:118,0
DA:119,0
DA:120,0
DA:121,0
DA:122,0
DA:123,0
DA:124,0
DA:128,0
DA:129,0
DA:130,0
DA:131,0
DA:132,0
DA:133,0
DA:134,0
DA:139,0
DA:150,0
DA:151,0
DA:152,0
DA:153,0
DA:155,0
DA:156,0
DA:157,0
DA:158,0
DA:159,0
DA:160,0
DA:161,0
DA:165,0
DA:167,0
DA:168,0
DA:169,0
DA:170,0
DA:171,0
DA:172,0
DA:178,0
DA:179,0
DA:180,0
DA:181,0
DA:182,0
DA:183,0
DA:184,0
DA:185,0
DA:188,0
DA:191,0
DA:192,0
DA:193,0
DA:194,0
DA:195,0
DA:196,0
DA:197,0
DA:198,0
DA:202,0
DA:203,0
DA:204,0
DA:205,0
DA:208,0
DA:209,0
DA:210,0
DA:213,0
DA:214,0
DA:215,0
DA:223,0
DA:224,0
DA:225,0
DA:226,0
DA:234,0
DA:235,0
DA:237,0
DA:238,0
DA:239,0
DA:240,0
DA:243,0
DA:251,0
DA:252,0
DA:253,0
DA:254,0
DA:255,0
DA:257,0
LH:46
LF:144
end_of_record
