SF:src/VortexDistributions.jl
LH:0
LF:0
end_of_record
SF:src/creation.jl
DA:11,2
DA:34,1
DA:36,102
DA:37,102
DA:38,102
DA:40,1
DA:58,62
DA:59,62
DA:60,53120000
DA:61,53120000
DA:62,53120000
DA:64,53120000
DA:88,2
DA:89,53120000
DA:90,53120000
DA:91,53120000
DA:93,0
DA:94,0
DA:95,0
DA:96,0
DA:108,0
DA:109,0
DA:110,0
DA:111,60
DA:113,0
DA:114,0
DA:115,60
DA:124,332
DA:125,332
DA:126,664
DA:127,332
DA:129,0
DA:130,0
DA:133,120
DA:134,600
DA:138,60
DA:139,120
DA:140,120
DA:141,60
DA:142,60
DA:144,180
DA:145,60
DA:146,330
DA:147,60
DA:152,0
DA:153,0
DA:154,0
DA:155,0
DA:157,0
DA:158,0
DA:163,0
DA:164,0
DA:165,0
DA:166,0
DA:168,0
DA:169,0
DA:173,0
DA:174,0
DA:175,0
DA:176,0
DA:180,0
DA:181,0
DA:182,0
DA:183,0
DA:184,0
DA:185,0
DA:186,0
DA:187,0
DA:188,0
DA:189,0
DA:205,0
DA:213,0
DA:214,0
DA:215,0
DA:216,0
DA:217,0
DA:218,0
DA:221,0
DA:224,0
DA:225,0
DA:226,0
DA:227,0
DA:229,0
DA:230,0
DA:231,0
DA:232,0
DA:235,0
DA:237,0
DA:239,0
DA:241,0
DA:243,0
DA:245,0
DA:249,0
DA:250,0
DA:253,0
DA:255,0
DA:256,0
DA:257,0
DA:259,0
DA:260,0
DA:295,0
DA:296,0
DA:298,0
DA:300,0
DA:301,0
DA:303,0
DA:305,0
DA:306,0
DA:307,0
DA:308,0
DA:310,0
DA:311,0
DA:312,0
DA:314,0
DA:315,0
DA:317,0
DA:319,0
DA:321,0
DA:322,0
DA:323,0
DA:324,0
DA:327,0
DA:330,0
DA:331,0
DA:332,0
DA:333,0
DA:336,0
DA:337,0
DA:338,0
DA:339,0
LH:33
LF:130
end_of_record
SF:src/detection.jl
DA:13,62
DA:14,122
DA:15,61
DA:16,61
DA:17,61
DA:20,122
DA:21,331
DA:22,331
DA:23,331
DA:24,331
DA:25,331
DA:26,331
DA:27,331
DA:29,331
DA:30,601
DA:32,61
DA:33,0
DA:34,0
DA:35,0
DA:36,0
DA:37,0
DA:38,0
DA:39,0
DA:40,0
DA:42,61
DA:47,723
DA:48,1446
DA:49,723
DA:50,723
DA:51,723
DA:54,0
DA:55,0
DA:56,0
DA:57,0
DA:58,0
DA:61,0
DA:62,0
DA:64,0
DA:65,0
DA:67,0
DA:68,0
DA:76,662
DA:77,1324
DA:78,662
DA:79,1324
DA:80,1324
DA:81,1324
DA:82,1324
DA:83,662
DA:84,662
DA:86,0
DA:87,0
DA:88,0
DA:89,0
DA:91,662
DA:100,993
DA:101,1324
DA:102,662
DA:103,662
DA:104,662
DA:105,662
DA:108,723
DA:109,1446
DA:110,1446
DA:113,723
DA:116,723
DA:117,2892
DA:118,723
DA:119,1446
DA:122,723
DA:123,2169
DA:124,723
DA:125,2169
DA:127,723
DA:128,723
DA:129,2892
DA:132,723
DA:134,723
DA:144,0
DA:161,0
DA:162,0
DA:163,0
DA:164,0
DA:165,0
DA:166,0
DA:169,0
LH:55
LF:86
end_of_record
SF:src/get_dipoles.jl
DA:1,0
DA:3,0
DA:4,0
DA:5,0
DA:6,0
DA:7,0
DA:8,0
DA:9,0
DA:12,0
DA:15,0
DA:18,0
DA:21,0
DA:22,0
DA:25,0
DA:27,0
DA:28,0
DA:30,0
DA:33,0
DA:34,0
DA:35,0
DA:38,0
DA:39,0
DA:40,0
DA:42,0
DA:43,0
DA:44,0
DA:45,0
DA:46,0
DA:47,0
DA:49,0
LH:0
LF:30
end_of_record
SF:src/grow_minus_clusters.jl
DA:1,0
DA:3,0
DA:4,0
DA:5,0
DA:6,0
DA:7,0
DA:8,0
DA:11,0
DA:12,0
DA:13,0
DA:16,0
DA:17,0
DA:19,0
DA:20,0
DA:21,0
DA:22,0
DA:23,0
DA:25,0
DA:27,0
DA:28,0
DA:29,0
DA:30,0
DA:31,0
DA:32,0
DA:35,0
DA:36,0
DA:40,0
DA:41,0
DA:44,0
DA:48,0
DA:49,0
DA:50,0
DA:52,0
DA:57,0
DA:59,0
DA:60,0
DA:61,0
DA:62,0
DA:63,0
DA:65,0
DA:66,0
DA:68,0
DA:70,0
DA:71,0
DA:72,0
DA:74,0
DA:75,0
DA:76,0
DA:80,0
DA:81,0
DA:82,0
DA:83,0
LH:0
LF:52
end_of_record
SF:src/grow_plus_clusters.jl
DA:1,0
DA:3,0
DA:4,0
DA:5,0
DA:7,0
DA:8,0
DA:9,0
DA:12,0
DA:13,0
DA:14,0
DA:17,0
DA:18,0
DA:20,0
DA:21,0
DA:22,0
DA:23,0
DA:24,0
DA:28,0
DA:30,0
DA:31,0
DA:32,0
DA:33,0
DA:34,0
DA:35,0
DA:39,0
DA:40,0
DA:44,0
DA:45,0
DA:48,0
DA:52,0
DA:53,0
DA:54,0
DA:56,0
DA:61,0
DA:63,0
DA:64,0
DA:65,0
DA:66,0
DA:67,0
DA:69,0
DA:70,0
DA:72,0
DA:73,0
DA:74,0
DA:76,0
DA:77,0
DA:78,0
DA:82,0
DA:83,0
DA:84,0
DA:85,0
LH:0
LF:51
end_of_record
SF:src/pointvortex.jl
DA:8,1448
DA:9,1448
DA:11,60
DA:12,60
DA:13,120
DA:14,600
DA:16,60
DA:26,8988
DA:28,847
DA:29,847
DA:33,2660
DA:34,2660
DA:37,122
DA:38,122
DA:41,0
DA:42,2
DA:44,0
DA:45,61
DA:57,0
DA:58,1
DA:60,0
DA:61,0
DA:62,0
DA:65,60
DA:66,60
DA:67,120
DA:68,120
DA:69,60
DA:72,2
DA:73,0
DA:74,0
DA:75,0
DA:77,0
DA:78,0
DA:79,0
DA:80,0
DA:81,0
DA:83,0
LH:23
LF:38
end_of_record
SF:src/seed_clusters.jl
DA:1,0
DA:3,0
DA:6,0
DA:7,0
DA:10,0
DA:13,0
DA:14,0
DA:17,0
DA:19,0
DA:20,0
DA:21,0
DA:23,0
DA:24,0
DA:25,0
DA:28,0
DA:29,0
DA:30,0
DA:33,0
DA:34,0
DA:35,0
DA:36,0
DA:38,0
DA:39,0
DA:40,0
DA:42,0
LH:0
LF:25
end_of_record
SF:src/types.jl
DA:19,1386
DA:43,7662
DA:49,1
DA:55,62
DA:60,664
DA:67,1
DA:74,0
LH:6
LF:7
end_of_record
SF:src/utils.jl
DA:1,4276
DA:3,1446
DA:4,1446
DA:5,1446
DA:6,1446
DA:7,1446
DA:8,1446
DA:11,1
DA:12,1
DA:13,2
DA:14,30
DA:15,30
DA:16,30
DA:17,30
DA:18,30
DA:19,59
DA:21,1
DA:24,1
DA:25,1
DA:26,2
DA:27,30
DA:28,30
DA:29,30
DA:30,30
DA:31,30
DA:32,0
DA:33,0
DA:35,30
DA:36,30
DA:37,30
DA:38,60
DA:39,329
DA:42,1
DA:50,723
DA:51,2169
DA:52,723
DA:53,1446
DA:54,3162
DA:55,4893
DA:56,4887
DA:57,3162
DA:58,5601
DA:60,723
DA:72,1448
DA:73,1448
DA:74,1448
DA:75,21031600
DA:77,1448
DA:78,1448
DA:79,44660
DA:80,44660
DA:81,89320
DA:82,10471140
DA:83,10515076
DA:88,724
DA:89,1448
DA:90,87872
DA:91,10471140
DA:92,44660
DA:93,10471140
DA:94,10471140
DA:98,1448
DA:101,3
DA:102,3
DA:103,2
DA:105,2
DA:106,2
DA:107,400
DA:108,400
DA:109,800
DA:110,159600
DA:111,159600
DA:116,1
DA:117,2
DA:118,798
DA:119,159600
DA:120,400
DA:121,159600
DA:122,159600
DA:134,3
DA:135,3
DA:136,2
DA:137,2
DA:139,2
DA:140,2
DA:141,4
DA:142,4
DA:143,4
DA:144,3996
DA:145,3997
DA:149,1
DA:150,2
DA:151,1998
DA:152,2000
DA:153,4
DA:154,3996
DA:155,3996
DA:160,2
DA:171,3
DA:172,3
DA:173,2
DA:174,4
DA:176,2
DA:177,2
DA:178,4
DA:179,4
DA:180,4
DA:181,3996
DA:182,3996
DA:186,1
DA:188,2
DA:189,1998
DA:190,2000
DA:191,4
DA:192,3996
DA:193,3996
DA:199,1
DA:200,1
DA:201,1
DA:202,2
DA:203,2
DA:204,2
DA:205,1998
DA:206,2996
DA:209,1
DA:212,1
DA:213,1
DA:214,1
DA:215,2
DA:216,2
DA:217,2
DA:218,1998
DA:219,1998
DA:223,0
DA:224,0
DA:225,0
DA:226,0
DA:229,0
DA:230,0
DA:231,0
DA:234,0
DA:235,0
DA:236,0
DA:244,0
DA:245,0
DA:246,0
DA:247,0
DA:255,0
DA:256,0
DA:258,0
DA:259,0
DA:260,0
DA:261,0
DA:264,0
DA:272,0
DA:273,0
DA:274,0
DA:275,0
DA:276,0
DA:278,0
LH:131
LF:160
end_of_record
